Using pre-set license
Built from '2020.3/staging' branch; Version is '2020.3.9f1 (108be757e447) revision 1084391'; Using compiler version '192528614'; Build Type 'Release'
OS: 'Windows 10 Home Single Language; OS build 19042.1052; Version 2009; 64bit' Language: 'pt' Physical Memory: 8103 MB
BatchMode: 1, IsHumanControllingUs: 0, StartBugReporterOnCrash: 0, Is64bit: 1, IsPro: 0

 COMMAND LINE ARGUMENTS:
C:\Program Files\Unity\Hub\Editor\2020.3.9f1\Editor\Unity.exe
-adb2
-batchMode
-noUpm
-name
AssetImportWorker0
-projectPath
C:/Users/biamb/Desktop/Desktop/Projetos/Game Jam
-logFile
Logs/AssetImportWorker0.log
-srvPort
57837
Successfully changed project path to: C:/Users/biamb/Desktop/Desktop/Projetos/Game Jam
C:/Users/biamb/Desktop/Desktop/Projetos/Game Jam
Using Asset Import Pipeline V2.
Refreshing native plugins compatible for Editor in 86.04 ms, found 1 plugins.
Preloading 0 native plugins for Editor in 0.00 ms.
Initialize engine version: 2020.3.9f1 (108be757e447)
[Subsystems] Discovering subsystems at path C:/Program Files/Unity/Hub/Editor/2020.3.9f1/Editor/Data/Resources/UnitySubsystems
[Subsystems] Discovering subsystems at path C:/Users/biamb/Desktop/Desktop/Projetos/Game Jam/Assets
GfxDevice: creating device client; threaded=0
Direct3D:
    Version:  Direct3D 11.0 [level 11.0]
    Renderer: NVIDIA GeForce 830M (ID=0x1340)
    Vendor:   
    VRAM:     2010 MB
    Driver:   27.21.14.6647
Initialize mono
Mono path[0] = 'C:/Program Files/Unity/Hub/Editor/2020.3.9f1/Editor/Data/Managed'
Mono path[1] = 'C:/Program Files/Unity/Hub/Editor/2020.3.9f1/Editor/Data/MonoBleedingEdge/lib/mono/unityjit'
Mono config path = 'C:/Program Files/Unity/Hub/Editor/2020.3.9f1/Editor/Data/MonoBleedingEdge/etc'
Using monoOptions --debugger-agent=transport=dt_socket,embedding=1,server=y,suspend=n,address=127.0.0.1:56908
Begin MonoManager ReloadAssembly
Registering precompiled unity dll's ...
Register platform support module: C:/Program Files/Unity/Hub/Editor/2020.3.9f1/Editor/Data/PlaybackEngines/WindowsStandaloneSupport/UnityEditor.WindowsStandalone.Extensions.dll
Registered in 0.008410 seconds.
Native extension for WindowsStandalone target not found
Refreshing native plugins compatible for Editor in 53.52 ms, found 1 plugins.
Preloading 0 native plugins for Editor in 0.00 ms.
Mono: successfully reloaded assembly
- Completed reload, in  2.290 seconds
Platform modules already initialized, skipping
Registering precompiled user dll's ...
Registered in 0.001722 seconds.
Begin MonoManager ReloadAssembly
Native extension for WindowsStandalone target not found
Refreshing native plugins compatible for Editor in 92.61 ms, found 1 plugins.
Preloading 0 native plugins for Editor in 0.00 ms.
Mono: successfully reloaded assembly
- Completed reload, in  2.456 seconds
Platform modules already initialized, skipping
========================================================================
Worker process is ready to serve import requests
Launched and connected shader compiler UnityShaderCompiler.exe after 0.24 seconds
Refreshing native plugins compatible for Editor in 0.64 ms, found 1 plugins.
Preloading 0 native plugins for Editor in 0.00 ms.
Unloading 1956 Unused Serialized files (Serialized files now loaded: 0)
System memory in use before: 90.0 MB.
System memory in use after: 89.9 MB.

Unloading 25 unused Assets to reduce memory usage. Loaded Objects now: 2398.
Total: 6.823600 ms (FindLiveObjects: 0.325400 ms CreateObjectMapping: 0.170600 ms MarkObjects: 6.152200 ms  DeleteObjects: 0.173500 ms)

========================================================================
Received Import Request.
  path: Assets/Scenes/Animação/Timeline 1_0000.bmp
  artifactKey: Guid(248b6f518848b0748833192b3948d218) Importer(815301076,1909f56bfc062723c751e8b465ee728b)
Start importing Assets/Scenes/Animação/Timeline 1_0000.bmp using Guid(248b6f518848b0748833192b3948d218) Importer(815301076,1909f56bfc062723c751e8b465ee728b)  -> (artifact id: '9509566fb4e4b74dbcffdb1c70abce14') in 0.301979 seconds
  Import took 0.313526 seconds .

========================================================================
Received Import Request.
  Time since last request: 0.000363 seconds.
  path: Assets/Scenes/Animação/Timeline 1_0005.bmp
  artifactKey: Guid(1909568f65670ce44a148c964a8f12b3) Importer(815301076,1909f56bfc062723c751e8b465ee728b)
Start importing Assets/Scenes/Animação/Timeline 1_0005.bmp using Guid(1909568f65670ce44a148c964a8f12b3) Importer(815301076,1909f56bfc062723c751e8b465ee728b)  -> (artifact id: '463003df63538515179ea0531f6ee49b') in 0.048312 seconds
  Import took 0.053221 seconds .

========================================================================
Received Import Request.
  Time since last request: 0.000257 seconds.
  path: Assets/Scenes/Animação/Timeline 1_0002.bmp
  artifactKey: Guid(6e34c74940f753b4a9e7153f09581a7e) Importer(815301076,1909f56bfc062723c751e8b465ee728b)
Start importing Assets/Scenes/Animação/Timeline 1_0002.bmp using Guid(6e34c74940f753b4a9e7153f09581a7e) Importer(815301076,1909f56bfc062723c751e8b465ee728b)  -> (artifact id: 'c9e3b7df2a68a3a6cde01019c5539214') in 0.082419 seconds
  Import took 0.090822 seconds .

========================================================================
Received Import Request.
  Time since last request: 0.000254 seconds.
  path: Assets/Scenes/Animação/Timeline 1_0003.bmp
  artifactKey: Guid(f45495446a7a2cb4dae790dd25a9a5c4) Importer(815301076,1909f56bfc062723c751e8b465ee728b)
Start importing Assets/Scenes/Animação/Timeline 1_0003.bmp using Guid(f45495446a7a2cb4dae790dd25a9a5c4) Importer(815301076,1909f56bfc062723c751e8b465ee728b)  -> (artifact id: '1424a10afe9e005d8a88a95cc26c0226') in 0.136308 seconds
  Import took 0.158003 seconds .

========================================================================
Received Import Request.
  Time since last request: 0.000092 seconds.
  path: Assets/Scenes/Animação/Timeline 1_0004.bmp
  artifactKey: Guid(75c2be774ae23ab4b9e503b50ba7b1d2) Importer(815301076,1909f56bfc062723c751e8b465ee728b)
Start importing Assets/Scenes/Animação/Timeline 1_0004.bmp using Guid(75c2be774ae23ab4b9e503b50ba7b1d2) Importer(815301076,1909f56bfc062723c751e8b465ee728b)  -> (artifact id: '7c156db1f7aa0f58ac78f69263029e61') in 0.060297 seconds
  Import took 0.070883 seconds .

========================================================================
Received Import Request.
  Time since last request: 0.000258 seconds.
  path: Assets/Scenes/Animação/Timeline 1_0001.bmp
  artifactKey: Guid(6e7ce33f1c4bc524692ac07e87649b4a) Importer(815301076,1909f56bfc062723c751e8b465ee728b)
Start importing Assets/Scenes/Animação/Timeline 1_0001.bmp using Guid(6e7ce33f1c4bc524692ac07e87649b4a) Importer(815301076,1909f56bfc062723c751e8b465ee728b)  -> (artifact id: '02f66e19a74dffbe25b391cf3a53ca5d') in 0.066272 seconds
  Import took 0.080930 seconds .

